자동 백업을 시작합니다
On branch master
Your branch is up to date with 'origin/master'.

Cloki_prime_set 업데이트를 하였습니다.
0% 완료했습니다. 시간: 5초
equinox_prime_set 업데이트를 하였습니다.
4% 완료했습니다. 시간: 8초
rhino_prime_set 업데이트를 하였습니다.
8% 완료했습니다. 시간: 12초
mesa_prime_set 업데이트를 하였습니다.
12% 완료했습니다. 시간: 15초
ember_prime_set 업데이트를 하였습니다.
15% 완료했습니다. 시간: 17초
limbo_prime_set 업데이트를 하였습니다.
19% 완료했습니다. 시간: 21초
ivara_prime_set 업데이트를 하였습니다.
23% 완료했습니다. 시간: 25초
chroma_prime_set 업데이트를 하였습니다.
27% 완료했습니다. 시간: 28초
nyx_prime_set 업데이트를 하였습니다.
31% 완료했습니다. 시간: 32초
frost_prime_set 업데이트를 하였습니다.
35% 완료했습니다. 시간: 35초
trinity_prime_set 업데이트를 하였습니다.
38% 완료했습니다. 시간: 39초
hydroid_prime_set 업데이트를 하였습니다.
42% 완료했습니다. 시간: 44초
nova_prime_set 업데이트를 하였습니다.
46% 완료했습니다. 시간: 49초
saryn_prime_set 업데이트를 하였습니다.
50% 완료했습니다. 시간: 53초
mirage_prime_set 업데이트를 하였습니다.
54% 완료했습니다. 시간: 57초
valkyr_prime_set 업데이트를 하였습니다.
58% 완료했습니다. 시간: 61초
mag_prime_set 업데이트를 하였습니다.
62% 완료했습니다. 시간: 64초
ash_prime_set 업데이트를 하였습니다.
65% 완료했습니다. 시간: 67초
zephyr_prime_set 업데이트를 하였습니다.
69% 완료했습니다. 시간: 70초
wukong_prime_set 업데이트를 하였습니다.
73% 완료했습니다. 시간: 74초
vauban_prime_set 업데이트를 하였습니다.
77% 완료했습니다. 시간: 78초
banshee_prime_set 업데이트를 하였습니다.
81% 완료했습니다. 시간: 82초
oberon_prime_set 업데이트를 하였습니다.
85% 완료했습니다. 시간: 85초
nekros_prime_set 업데이트를 하였습니다.
88% 완료했습니다. 시간: 88초
volt_prime_set 업데이트를 하였습니다.
92% 완료했습니다. 시간: 93초
atlas_prime_set 업데이트를 하였습니다.
96% 완료했습니다. 시간: 96초
업데이트가 모두 완료했습니다.
무기 업데이트 중입니다.....
baza_prime_set 업데이트를 하였습니다.
0% 완료했습니다. 시간: 3초
boar_prime_set 업데이트를 하였습니다.
1% 완료했습니다. 시간: 6초
boltor_prime_set 업데이트를 하였습니다.
3% 완료했습니다. 시간: 9초
braton_prime_set 업데이트를 하였습니다.
4% 완료했습니다. 시간: 14초
burston_prime_set 업데이트를 하였습니다.
6% 완료했습니다. 시간: 17초
cernos_prime_set 업데이트를 하였습니다.
7% 완료했습니다. 시간: 20초
latron_prime_set 업데이트를 하였습니다.
9% 완료했습니다. 시간: 24초
paris_prime_set 업데이트를 하였습니다.
10% 완료했습니다. 시간: 28초
rubico_prime_set 업데이트를 하였습니다.
12% 완료했습니다. 시간: 31초
soma_prime_set 업데이트를 하였습니다.
13% 완료했습니다. 시간: 34초
stradavar_prime_set 업데이트를 하였습니다.
14% 완료했습니다. 시간: 37초
sybaris_prime_set 업데이트를 하였습니다.
16% 완료했습니다. 시간: 39초
tiberon_prime_set 업데이트를 하였습니다.
17% 완료했습니다. 시간: 44초
tigris_prime_set 업데이트를 하였습니다.
19% 완료했습니다. 시간: 47초
vectis_prime_set 업데이트를 하였습니다.
20% 완료했습니다. 시간: 51초
zhuge_prime_set 업데이트를 하였습니다.
22% 완료했습니다. 시간: 55초
akbolto_prime_set 업데이트를 하였습니다.
23% 완료했습니다. 시간: 58초
akbronco_prime_set 업데이트를 하였습니다.
25% 완료했습니다. 시간: 62초
akjagara_prime_set 업데이트를 하였습니다.
26% 완료했습니다. 시간: 66초
aklex_prime_set 업데이트를 하였습니다.
28% 완료했습니다. 시간: 68초
aksomati_prime_set 업데이트를 하였습니다.
29% 완료했습니다. 시간: 73초
akstiletto_prime_set 업데이트를 하였습니다.
30% 완료했습니다. 시간: 76초
akvasto_prime_set 업데이트를 하였습니다.
32% 완료했습니다. 시간: 78초
ballistica_prime_set 업데이트를 하였습니다.
33% 완료했습니다. 시간: 83초
bronco_prime_set 업데이트를 하였습니다.
35% 완료했습니다. 시간: 86초
euphona_prime_set 업데이트를 하였습니다.
36% 완료했습니다. 시간: 89초
hikou_prime_set 업데이트를 하였습니다.
38% 완료했습니다. 시간: 94초
lex_prime_set 업데이트를 하였습니다.
39% 완료했습니다. 시간: 98초
pyrana_prime_set 업데이트를 하였습니다.
41% 완료했습니다. 시간: 101초
sicarus_prime_set 업데이트를 하였습니다.
42% 완료했습니다. 시간: 103초
spira_prime_set 업데이트를 하였습니다.
43% 완료했습니다. 시간: 106초
vasto_prime_set 업데이트를 하였습니다.
45% 완료했습니다. 시간: 109초
ankyros_prime_set 업데이트를 하였습니다.
46% 완료했습니다. 시간: 113초
bo_prime_set 업데이트를 하였습니다.
48% 완료했습니다. 시간: 117초
dakra_prime_set 업데이트를 하였습니다.
49% 완료했습니다. 시간: 120초
destreza_prime_set 업데이트를 하였습니다.
51% 완료했습니다. 시간: 125초
dual_kamas_prime_set 업데이트를 하였습니다.
52% 완료했습니다. 시간: 128초
fang_prime_set 업데이트를 하였습니다.
54% 완료했습니다. 시간: 131초
fragor_prime_set 업데이트를 하였습니다.
55% 완료했습니다. 시간: 136초
galatine_prime_set 업데이트를 하였습니다.
57% 완료했습니다. 시간: 139초
glaive_prime_set 업데이트를 하였습니다.
58% 완료했습니다. 시간: 143초
gram_prime_set 업데이트를 하였습니다.
59% 완료했습니다. 시간: 146초
kogake_prime_set 업데이트를 하였습니다.
61% 완료했습니다. 시간: 149초
kronen_prime_set 업데이트를 하였습니다.
62% 완료했습니다. 시간: 154초
nami_skyla_prime_set 업데이트를 하였습니다.
64% 완료했습니다. 시간: 157초
nikana_prime_set 업데이트를 하였습니다.
65% 완료했습니다. 시간: 160초
ninkondi_prime_set 업데이트를 하였습니다.
67% 완료했습니다. 시간: 163초
orthos_prime_set 업데이트를 하였습니다.
68% 완료했습니다. 시간: 166초
reaper_prime_set 업데이트를 하였습니다.
70% 완료했습니다. 시간: 169초
redeemer_prime_set 업데이트를 하였습니다.
71% 완료했습니다. 시간: 174초
scindo_prime_set 업데이트를 하였습니다.
72% 완료했습니다. 시간: 177초
silva_and_aegis_prime_set 업데이트를 하였습니다.
74% 완료했습니다. 시간: 181초
tekko_prime_set 업데이트를 하였습니다.
75% 완료했습니다. 시간: 184초
tipedo_prime_set 업데이트를 하였습니다.
77% 완료했습니다. 시간: 187초
venka_prime_set 업데이트를 하였습니다.
78% 완료했습니다. 시간: 189초
tipedo_prime_set 업데이트를 하였습니다.
80% 완료했습니다. 시간: 194초
shedu_set 업데이트를 하였습니다.
81% 완료했습니다. 시간: 197초
braton_vandal_set 업데이트를 하였습니다.
83% 완료했습니다. 시간: 200초
dera_vandal_set 업데이트를 하였습니다.
84% 완료했습니다. 시간: 204초
karak_wraith_set 업데이트를 하였습니다.
86% 완료했습니다. 시간: 207초
gorgon_wraith_set 업데이트를 하였습니다.
87% 완료했습니다. 시간: 209초
latron_wraith_set 업데이트를 하였습니다.
88% 완료했습니다. 시간: 213초
strun_wraith_set 업데이트를 하였습니다.
90% 완료했습니다. 시간: 216초
snipetron_vandal_set 업데이트를 하였습니다.
91% 완료했습니다. 시간: 219초
lato_vandal_set 업데이트를 하였습니다.
93% 완료했습니다. 시간: 223초
twin_vipers_wraith_set 업데이트를 하였습니다.
94% 완료했습니다. 시간: 226초
furax_wraith_set 업데이트를 하였습니다.
96% 완료했습니다. 시간: 228초
pathocyst_set 업데이트를 하였습니다.
97% 완료했습니다. 시간: 231초
imperator_vandal_set 업데이트를 하였습니다.
99% 완료했습니다. 시간: 234초
업데이트가 모두 완료했습니다.
기타 무기 업데이트 중입니다.....
rakta_cernos 업데이트를 하였습니다.
0% 완료했습니다. 시간: 3초
vulkar_wraith 업데이트를 하였습니다.
3% 완료했습니다. 시간: 6초
sancti_tigris 업데이트를 하였습니다.
6% 완료했습니다. 시간: 9초
vaykor_hek 업데이트를 하였습니다.
9% 완료했습니다. 시간: 12초
synoid_simulor 업데이트를 하였습니다.
12% 완료했습니다. 시간: 15초
secura_penta 업데이트를 하였습니다.
15% 완료했습니다. 시간: 18초
quanta_vandal 업데이트를 하였습니다.
18% 완료했습니다. 시간: 20초
prisma_grinlok 업데이트를 하였습니다.
21% 완료했습니다. 시간: 23초
supra_vandal 업데이트를 하였습니다.
24% 완료했습니다. 시간: 26초
prisma_tetra 업데이트를 하였습니다.
26% 완료했습니다. 시간: 29초
prisma_grakata 업데이트를 하였습니다.
29% 완료했습니다. 시간: 32초
telos_boltor 업데이트를 하였습니다.
32% 완료했습니다. 시간: 35초
viper_wraith 업데이트를 하였습니다.
35% 완료했습니다. 시간: 38초
vaykor_marelok 업데이트를 하였습니다.
38% 완료했습니다. 시간: 40초
synoid_gammacor 업데이트를 하였습니다.
41% 완료했습니다. 시간: 42초
rakta_ballistica 업데이트를 하였습니다.
44% 완료했습니다. 시간: 46초
mara_detron 업데이트를 하였습니다.
47% 완료했습니다. 시간: 49초
prisma_angstrum 업데이트를 하였습니다.
50% 완료했습니다. 시간: 51초
secura_dual_cestra 업데이트를 하였습니다.
53% 완료했습니다. 시간: 55초
prisma_twin_gremlins 업데이트를 하였습니다.
56% 완료했습니다. 시간: 58초
telos_akbolto 업데이트를 하였습니다.
59% 완료했습니다. 시간: 61초
sancti_castanas 업데이트를 하였습니다.
62% 완료했습니다. 시간: 63초
prisma_skana 업데이트를 하였습니다.
65% 완료했습니다. 시간: 67초
prisma_dual_cleavers 업데이트를 하였습니다.
68% 완료했습니다. 시간: 69초
machete_wraith 업데이트를 하였습니다.
71% 완료했습니다. 시간: 72초
prova_vandal 업데이트를 하였습니다.
74% 완료했습니다. 시간: 75초
rakta_dark_dagger 업데이트를 하였습니다.
76% 완료했습니다. 시간: 78초
prisma_obex 업데이트를 하였습니다.
79% 완료했습니다. 시간: 80초
vaykor_sydon 업데이트를 하였습니다.
82% 완료했습니다. 시간: 83초
synoid_heliocor 업데이트를 하였습니다.
85% 완료했습니다. 시간: 87초
sancti_magistar 업데이트를 하였습니다.
88% 완료했습니다. 시간: 90초
telos_boltor 업데이트를 하였습니다.
91% 완료했습니다. 시간: 92초
secura_lecta 업데이트를 하였습니다.
94% 완료했습니다. 시간: 96초
prisma_veritux 업데이트를 하였습니다.
97% 완료했습니다. 시간: 98초
업데이트가 모두 완료했습니다.
결산 중입니다.....
2020/06/21/09:07
업데이트를 마쳤습니다.
